make.exe all --print-data-base --no-builtin-variables --no-builtin-rules --question
# GNU Make 3.81
# Copyright (C) 2006  Free Software Foundation, Inc.
# This is free software; see the source for copying conditions.
# There is NO warranty; not even for MERCHANTABILITY or FITNESS FOR A
# PARTICULAR PURPOSE.

# This program built for i386-pc-mingw32
 

# Make data base, printed on Mon Aug 08 23:32:57 2022

# Variables

# automatic
<D = $(patsubst %/,%,$(dir $<))
# automatic
?F = $(notdir $?)
# makefile
MAKEFLAGS = Rrqp
# automatic
?D = $(patsubst %/,%,$(dir $?))
# automatic
@D = $(patsubst %/,%,$(dir $@))
# environment
HOMEDRIVE = C:
# automatic
@F = $(notdir $@)
# automatic
^D = $(patsubst %/,%,$(dir $^))
# makefile
CURDIR := c:/Users/mohiu/OneDrive - Military Institute of Science and Technology (MIST)/Desktop/My Codes
# default
SHELL := sh.exe
# enviro 
nment
WINDIR = C:\WINDOWS
# environment
VSCODE_NLS_CONFIG = {"locale":"en-us","availableLanguages":{},"_languagePackSupport":true}
# environment
PYCHARM COMMUNITY EDITION = C:\Program Files\JetBrains\PyCharm Community Edition 2020.3.3\bin;
# environment
ONEDRIVE = C:\Users\mohiu\OneDrive - Military Institute of Science and Technology (MIST)
# environment
PATHEXT = .COM;.EXE;.BAT;.CMD;.VBS;.VBE;.JS;.JSE;.WSF;.WSH;.MSC
# makefile
MAKEFILE_LIST := 
# environment
FPS_BROWSER_USER_PROFILE_STRING = Default
# environment
TMP = C:\Users\mohiu\AppData\Local\Temp
# environment
PROGRAMW6432 = C:\Program Files
# environment
PROGRAMDATA = C:\ProgramData
# environment
VSCODE_CWD = C:\Users\mohiu\OneDrive - Military Institute of Science and Technology (MIST)\Desktop\My Codes
# environment
PATH = C:\oraclexe\app\oracle\product\11.2.0\server\bin;E:\Softwares\Database\dbhomeXE\bin;E:\Java\bin;C:\MinGW\bin;C:\Program Files\Python39\Scripts\;C:\Program Files\Python39\;C:\Python 9\Scripts\;C:\Python 9\;C:\WINDOWS\system32;C:\WINDOWS;C:\WINDOWS\System32\Wbem;C:\WINDOWS\System32\WindowsPowerShell\v1.0\;C:\WINDOWS\System32\OpenSSH\;C:\Program Files\dotnet\;C:\Program Files\Microsoft SQL Server\130\Tools\Binn\;C:\Program Files (x86)\Intel\Intel(R) Management Engine Components\DAL;C:\Program Files\Intel\Intel(R) Management Engine Components\DAL;C:\Program Files (x86)\CodeBlocks\MinGW\bin;E:\Java Programming\bin;E:\MATLAB\MathWorks MATLAB R2020a v9.8.0.1323502\MATLAB MAIN FILES\runtime\win64;E:\MATLAB\MathWorks MATLAB R2020a v9.8.0.1323502\MATLAB MAIN FILES\bin;E:\MATLAB\MathWorks MATLAB R2020a v9.8.0.1323502\MATLAB MAIN FILES\polyspace\bin;C:\Program Files\Java\jdk-17\bin;C:\Program Files\Git\cmd;C:\ProgramData\chocolatey\bin;C:\Program Files (x86)\GnuWin32\bin;C:\Program Files (x86)\GnuWin32\bin;C:\instantclient_21_6;C:\Users\mohiu\AppData\Local\Microsoft\WindowsApps;C:\Program Files\JetBrains\PyCharm Community Edition 2020.3.3\bin;;C:\Program Files\CodeBlocks\MinGW\bin;C:\Users\mohiu\AppData\Local\Programs\Microsoft VS Code\bin;C:\Users 
\mohiu\.dotnet\tools;C:\Users\mohiu\AppData\Local\GitHubDesktop\bin;C:\Program Files\heroku\bin
# environment
COMMONPROGRAMW6432 = C:\Program Files\Common Files
# environment
ZES_ENABLE_SYSMAN = 1
# environment
CHOCOLATEYLASTPATHUPDATE = 132919442763510887
# environment
PROCESSOR_ARCHITECTURE = x86
# environment
USERPROFILE = C:\Users\mohiu
# environment
CHOCOLATEYINSTALL = C:\ProgramData\chocolatey
# environment
ALLUSERSPROFILE = C:\ProgramData
# environment
NUMBER_OF_PROCESSORS = 8
# environment
ELECTRON_RUN_AS_NODE = 1
# default
.FEATURES := target-specific order-only second-expansion else-if archives
# automatic
%F = $(notdir $%)
# environment
CHROME_CRASHPAD_PIPE_NAME = \\.\pipe\crashpad_7872_FUHEIQPJKZYVOAVC
# environment
COMPUTERNAME = DESKTOP-7OI8UR8
# environment
PROGRAMFILES = C:\Program Files (x86)
# environment
DRIVERDATA = C:\Windows\System32\Drivers\DriverData
# environment
ORIGINAL_XDG_CURRENT_DESKTOP = undefined
# environment
USERNAME = mohiu
# environment
PUBLIC = C:\Users\Public
# environmen 
t
VSCODE_AMD_ENTRYPOINT = vs/workbench/api/node/extensionHostProcess
# environment
VSCODE_CODE_CACHE_PATH = C:\Users\mohiu\AppData\Roaming\Code\CachedData\da76f93349a72022ca4670c1b84860304616aaa2
# environment
APPLICATION_INSIGHTS_NO_DIAGNOSTIC_CHANNEL = true
# environment
COMMONPROGRAMFILES = C:\Program Files (x86)\Common Files
# environment
LOGONSERVER = \\DESKTOP-7OI8UR8
# environment
VSCODE_HANDLES_UNCAUGHT_ERRORS = true
# environment
USERDOMAIN = DESKTOP-7OI8UR8
# default
MAKE = $(MAKE_COMMAND)
# default
MAKECMDGOALS := all
# environment
QT_DEVICE_PIXEL_RATIO = auto
# default
MAKE_VERSION := 3.81
# makefile
.DEFAULT_GOAL := 
# environment
PROGRAMFILES(X86) = C:\Program Files (x86)
# automatic
%D = $(patsubst %/,%,$(dir $%))
# environment
LOCALAPPDATA = C:\Users\mohiu\AppData\Local
# environment
PSMODULEPATH = C:\Program Files\WindowsPowerShell\Modules;C:\WINDOWS\system32\WindowsPowerShell\v1.0\Modules
# default
MAKE_COMMAND := make.exe
# environment
PROCESSOR_ARCHITEW6432 = AMD64
# default
.VARIABLES :=  

# automatic
*F = $(notdir $*)
# environment
PROCESSOR_IDENTIFIER = Intel64 Family 6 Model 142 Stepping 12, GenuineIntel
# environment
OS = Windows_NT
# environment
VSCODE_IPC_HOOK = \\.\pipe\404149997ffc93e38089f7566f4e0bdf-1.70.0-main-sock
# environment
HOMEPATH = \Users\mohiu
# environment
COMMONPROGRAMFILES(X86) = C:\Program Files (x86)\Common Files
# environment
PROMPT = $P$G
# environment
MFLAGS = -Rrqp
# automatic
*D = $(patsubst %/,%,$(dir $*))
# environment
PT8HOME = E:\Different Courses\Cisco CCNA 200-301 Exam\Packet Tracer\Cisco Packet Tracer 8.0.1
# environment
SYSTEMROOT = C:\WINDOWS
# automatic
+D = $(patsubst %/,%,$(dir $+))
# automatic
+F = $(notdir $+)
# environment
APPDATA = C:\Users\mohiu\AppData\Roaming
# environment
TEMP = C:\Users\mohiu\AppData\Local\Temp
# environment
COMSPEC = C:\WINDOWS\system32\cmd.exe
# default
MAKEFILES := 
# automatic
<F = $(notdir $<)
# environment
LC_ALL = C
# automatic
^F = $(notdir $^)
# default
SUFFIXES := 
# environment
SYSTEMDRIVE = C:
# environment
SESSION 
NAME = Console
# environment
PROCESSOR_REVISION = 8e0c
# environment
MOZ_PLUGIN_PATH = C:\Program Files (x86)\Foxit Software\Foxit Reader\plugins\
# environment
MAKELEVEL := 0
# environment
LANG = C
# environment
PROCESSOR_LEVEL = 6
# environment
FPS_BROWSER_APP_PROFILE_STRING = Internet Explorer
# environment
VSCODE_PID = 7872
# environment
USERDOMAIN_ROAMINGPROFILE = DESKTOP-7OI8UR8
# variable set hash-table stats:
# Load=90/1024=9%, Rehash=0, Collisions=9/107=8%

# Pattern-specific Variable Values

# No  
pattern-specific variable values.

# Directories

# : could not be stat'd.
# C:\Program Files\heroku\bin: could not be stat'd.
# E:\Java Programming\bin: could not be stat'd.
# C:\Users\mohiu\AppData\Local\Programs\Microsoft VS Code\bin (key C:/Users/mohiu/AppData/Local/Programs/Microsoft VS Code/bin, mtime 1659709307): 4 files, no impossibilities.
# C:\WINDOWS\System32\WindowsPowerShell\v1.0\ (key C:/WINDOWS/System32/WindowsPowerShell/v1.0/, mtime 1622898672): 30 files, no impossibilities.
# E:\MATLAB\MathWorks MATLAB R2020a v9.8.0.1323502\MATLAB MAIN FILES\runtime\win64 (key E:/MATLAB/MathWorks MATLAB R2020a v9.8.0.1323502/MATLAB MAIN FILES/runtime/win64, mtime 1635801164): 10 files, no impossibilities.
# C:\WINDOWS\System32\Wbem (key C:/WINDOWS/System32/Wbem, mtime 1652318381): 154 files, no impossibilities.
# . (key c:/Users/mohiu/OneDrive - Military Institute of Science and Technology (MIST)/Desktop/My Codes, mtime 1659979100): 90 files, no impossibilities.
# C:\Users\mohiu\.dotnet\tools: could not be stat'd.
# C:\Program Files\CodeBlocks\MinGW\bin: could not be stat'd.
# C:\ProgramData\chocolatey\bin (key C:/ProgramData/chocolatey/bin, mtime 1647470676): 13 files, no impossibilities.
# C:\Program Files\dotnet\ (key C:/Program Files/dotnet/, mtime 1619346642): 11 files, no impossibilities.
# C:\MinGW\bin (key C:/MinGW/bin, mtime 1636360082): 417 files, no impossibilities.
# C:\WINDOWS\System32\OpenSSH\: could not be stat'd.
# C:\Users\mohiu\AppData\Local\GitHubDesktop\bin (key C:/Users/mohiu/AppData/Local/ 
GitHubDesktop/bin, mtime 1634913280): 4 files, no impossibilities.
# C:\Users\mohiu\AppData\Local\Microsoft\WindowsApps (key C:/Users/mohiu/AppData/Local/Microsoft/WindowsApps, mtime 1659978411): 30 files, no impossibilities.
# C:\Program Files\Java\jdk-17\bin: could not be stat'd.
# C:\Program Files\Microsoft SQL Server\130\Tools\Binn\ (key C:/Program Files/Microsoft SQL Server/130/Tools/Binn/, mtime 1598705289): 4 files, no impossibilities.
# C:\WINDOWS (key C:/WINDOWS, mtime 1614337467): 124 files, no im 
possibilities.
# C:\Program Files\Intel\Intel(R) Management Engine Components\DAL (key C:/Program Files/Intel/Intel(R) Management Engine Components/DAL, mtime 1613750106): 4 files, no impossibilities.
# E:\MATLAB\MathWorks MATLAB R2020a v9.8.0.1323502\MATLAB MAIN FILES\polyspace\bin (key E:/MATLAB/MathWorks MATLAB R2020a v9.8.0.1323502/MATLAB MAIN FILES/polyspace/bin, mtime 1635801513): 82 files, no impossibilities.
# C:\Python 9\Scripts\: could not be stat'd.
# C:\Program Files\JetBrains\PyCharm Community  
Edition 2020.3.3\bin: could not be stat'd.
# C:\Python 9\: could not be stat'd.
# C:\oraclexe\app\oracle\product\11.2.0\server\bin (key C:/oraclexe/app/oracle/product/11.2.0/server/bin, mtime 1651000202): 398 files, no impossibilities.
# E:\MATLAB\MathWorks MATLAB R2020a v9.8.0.1323502\MATLAB MAIN FILES\bin (key E:/MATLAB/MathWorks MATLAB R2020a v9.8.0.1323502/MATLAB MAIN FILES/bin, mtime 1635801308): 19 files, no impossibilities.
# C:\Program Files (x86)\CodeBlocks\MinGW\bin (key C:/Program Files (x86)/Cod 
eBlocks/MinGW/bin, mtime 1580212208): 55 files, no impossibilities.
# C:\Program Files\Git\cmd (key C:/Program Files/Git/cmd, mtime 1647188398): 8 files, no impossibilities.
# C:\WINDOWS\system32 (key C:/WINDOWS/system32, mtime 1659978286): 2889 files, no impossibilities.
# E:\Softwares\Database\dbhomeXE\bin: could not be stat'd.
# E:\Java\bin (key E:/Java/bin, mtime 1634058320): 123 files, no impossibilities.
# C:\Program Files\Python39\ (key C:/Program Files/Python39/, mtime 1646774738): 4 files, no impos 
sibilities.
# C:\instantclient_21_6 (key C:/instantclient_21_6, mtime 1655616589): 32 files, no impossibilities.
# C:\Program Files\Python39\Scripts\ (key C:/Program Files/Python39/Scripts/, mtime 1646774699): 8 files, no impossibilities.
# C:\Program Files (x86)\Intel\Intel(R) Management Engine Components\DAL (key C:/Program Files (x86)/Intel/Intel(R) Management Engine Components/DAL, mtime 1613750106): 7 files, no impossibilities.
# C:\Program Files (x86)\GnuWin32\bin (key C:/Program Files (x86)/GnuWin32/ 
bin, mtime 1655663218): 12 files, no impossibilities.

# 4532 files, no impossibilities in 36 directories.

# Implicit Rules

# No implicit rules.

# Files

# Not a target:
all:
#  Command-line target.
#  Implicit rule search has been done.
#  File does not exist.
#  File has not been updated.
# variable set hash-table stats:
# Load=0/32=0%, Rehash=0, Collisions=0/0=0%

# Not a target:
.DEFAULT:
#  Implicit rule search has not been done.
#  Modification time never checked.
#  File has not been updated.

# N 
ot a target:
makefile:
#  A default, MAKEFILES, or -include/sinclude makefile.
#  Implicit rule search has been done.
#  File does not exist.
#  File has been updated.
#  Failed to be updated.
# variable set hash-table stats:
# Load=0/32=0%, Rehash=0, Collisions=0/0=0%

# Not a target:
.SUFFIXES:
#  Implicit rule search has not been done.
#  Modification time never checked.
#  File has not been updated.

# Not a target:
GNUmakefile:
#  A default, MAKEFILES, or -include/sinclude makefile.
#  Implicit rule se 
arch has been done.
#  File does not exist.
#  File has been updated.
#  Failed to be updated.
# variable set hash-table stats:
# Load=0/32=0%, Rehash=0, Collisions=0/0=0%

# files hash-table stats:
# Load=5/1024=0%, Rehash=0, Collisions=0/16=0%
# VPATH Search Paths

# No `vpath' search paths.

# No general (`VPATH' variable) search path.

# # of strings in strcache: 0
# # of strcache buffers: 0
# strcache size: total = 0 / max = 0 / min = 4096 / avg = 0
# strcache free: total = 0 / max = 0 / min = 4096 / a 
make.exe: *** No rule to make target `all'.  Stop.

vg = 0

# Finished Make data base on Mon Aug 08 23:32:57 2022

 
